-------------------------------------------------------------------------------
Test set: com.bluebudy.SCQ.ScqMobileApplicationTests
-------------------------------------------------------------------------------
Tests run: 1, Failures: 0, Errors: 1, Skipped: 0, Time elapsed: 19.453 s <<< FAILURE! - in com.bluebudy.SCQ.ScqMobileApplicationTests
contextLoads  Time elapsed: 0.002 s  <<< ERROR!
java.lang.IllegalStateException: Failed to load ApplicationContext
Caused by: org.springframework.context.ApplicationContextException: Failed to start bean 'subProtocolWebSocketHandler'; nested exception is java.lang.IllegalArgumentException: No handlers
Caused by: java.lang.IllegalArgumentException: No handlers

